<?xml version="1.0" encoding="UTF-8"?>
<!-- Generated by org.testng.reporters.JUnitXMLReporter -->
<testsuite ignored="3" hostname="LAPTOP-5KMFOFH9" failures="0" tests="1" name="Default test" time="5.26" errors="0" timestamp="2025-02-04T22:01:24 IST">
  <testcase classname="com.APIScenarios.TestAuthenticationTypes" name="oAuth2Test" time="5.193"/>
  <testcase classname="com.APIScenarios.TestAuthenticationTypes" name="testBasicAuth" time="0.0">
    <ignored/>
  </testcase> <!-- testBasicAuth -->
  <testcase classname="com.APIScenarios.TestAuthenticationTypes" name="testBearerTokenAuth" time="0.0">
    <ignored/>
  </testcase> <!-- testBearerTokenAuth -->
  <testcase classname="com.APIScenarios.TestAuthenticationTypes" name="testDigestAuth" time="0.0">
    <ignored/>
  </testcase> <!-- testDigestAuth -->
</testsuite> <!-- Default test -->
