<?xml version="1.0" encoding="UTF-8"?>
<testng-results ignored="1" total="2" passed="1" failed="0" skipped="0">
  <reporter-output>
  </reporter-output>
  <suite started-at="2025-02-05T19:20:14 IST" name="Default suite" finished-at="2025-02-05T19:20:17 IST" duration-ms="3595">
    <groups>
    </groups>
    <test started-at="2025-02-05T19:20:14 IST" name="Default test" finished-at="2025-02-05T19:20:17 IST" duration-ms="3595">
      <class name="com.APIScenarios.Assignment2">
        <test-method signature="usingPojo()[pri:0, instance:com.APIScenarios.Assignment2@48f278eb]" started-at="2025-02-05T19:20:14 IST" name="usingPojo" finished-at="2025-02-05T19:20:17 IST" duration-ms="3552" status="PASS">
          <reporter-output>
          </reporter-output>
        </test-method> <!-- usingPojo -->
      </class> <!-- com.APIScenarios.Assignment2 -->
    </test> <!-- Default test -->
  </suite> <!-- Default suite -->
</testng-results>
