<?xml version="1.0" encoding="UTF-8"?>
<!-- Generated by org.testng.reporters.JUnitReportReporter -->
<testsuite hostname="LAPTOP-5KMFOFH9" failures="0" tests="1" name="com.DriverSessionWays.CreateSessionUsingAppPackageActivity" time="10.582" errors="0" timestamp="2025-02-12T22:05:49 IST" skipped="0">
  <testcase classname="com.DriverSessionWays.CreateSessionUsingAppPackageActivity" name="createNewSession" time="10.582"/>
  <system-out/>
</testsuite> <!-- com.DriverSessionWays.CreateSessionUsingAppPackageActivity -->
