<?xml version="1.0" encoding="UTF-8"?>
<!-- Generated by org.testng.reporters.JUnitReportReporter -->
<testsuite hostname="LAPTOP-5KMFOFH9" failures="0" tests="1" name="com.AppiumScenario_DeviceApp.AutomationFoNetworkToggleSetup" time="18.941" errors="0" timestamp="2025-02-12T21:36:42 IST" skipped="0">
  <testcase classname="com.AppiumScenario_DeviceApp.AutomationFoNetworkToggleSetup" name="testNetworkSetup" time="18.941"/>
  <system-out/>
</testsuite> <!-- com.AppiumScenario_DeviceApp.AutomationFoNetworkToggleSetup -->
