<?xml version="1.0" encoding="UTF-8"?>
<!-- Generated by org.testng.reporters.JUnitReportReporter -->
<testsuite hostname="LAPTOP-5KMFOFH9" failures="0" tests="1" name="com.AppiumScenario_DeviceApp.Lock_Unlock_RotateDeviceAutomation" time="16.597" errors="0" timestamp="2025-02-12T21:45:04 IST" skipped="0">
  <testcase classname="com.AppiumScenario_DeviceApp.Lock_Unlock_RotateDeviceAutomation" name="testLockUnlockRotate" time="16.597"/>
  <system-out/>
</testsuite> <!-- com.AppiumScenario_DeviceApp.Lock_Unlock_RotateDeviceAutomation -->
