<?xml version="1.0" encoding="UTF-8"?>
<!-- Generated by org.testng.reporters.JUnitReportReporter -->
<testsuite hostname="LAPTOP-5KMFOFH9" failures="0" tests="1" name="com.AppiumScenario_DeviceApp.NotificationAutomation" time="11.665" errors="0" timestamp="2025-02-12T21:16:22 IST" skipped="0">
  <testcase classname="com.AppiumScenario_DeviceApp.NotificationAutomation" name="testNotification" time="11.665"/>
  <system-out/>
</testsuite> <!-- com.AppiumScenario_DeviceApp.NotificationAutomation -->
